2022-06-07 19:43:46|SYS|run.py|<module>|Line.348
reset log
2022-06-07 19:43:46|INFO|run.py|<module>|Line.353
ready type=Client
2022-06-07 19:43:46|INFO|run.py|run_async|Line.262
before que_common_py.join
2022-06-07 19:43:46|INFO|run.py|run_async|Line.264
after que_common_py.join
2022-06-07 19:43:46|INFO|run.py|run_async|Line.279
before que_table_path.join
2022-06-07 19:43:46|INFO|run.py|run_async|Line.281
after que_table_path.join
2022-06-07 19:43:46|INFO|run.py|run_async|Line.294
before que_to_py.join
2022-06-07 19:43:46|INFO|run.py|run_async|Line.296
after que_to_py.join
2022-06-07 19:43:46|INFO|run.py|run_async|Line.316
before que_to_data.join
2022-06-07 19:43:46|INFO|run.py|run_async|Line.318
after que_to_data.join
2022-06-07 19:43:46|INFO|run.py|out_time|Line.326
完成 用时:0.27377915382385254
