2022-06-12 11:17:06|SYS|run.py|<module>|Line.360
reset log
2022-06-12 11:17:06|INFO|run.py|<module>|Line.365
ready type=Client
2022-06-12 11:17:06|INFO|run.py|run_async|Line.262
before que_common_py.join
2022-06-12 11:17:06|INFO|run.py|run_async|Line.264
after que_common_py.join
2022-06-12 11:17:06|INFO|run.py|run_async|Line.279
before que_table_path.join
2022-06-12 11:17:06|INFO|run.py|run_async|Line.281
after que_table_path.join
2022-06-12 11:17:06|INFO|run.py|run_async|Line.294
before que_to_py.join
2022-06-12 11:17:06|INFO|run.py|run_async|Line.296
after que_to_py.join
2022-06-12 11:17:20|INFO|run.py|run_async|Line.328
before que_to_data.join
2022-06-12 11:17:20|INFO|run.py|run_async|Line.330
after que_to_data.join
2022-06-12 11:17:20|INFO|run.py|out_time|Line.338
完成 用时:14.197177410125732
